
1-
Explained.


PLAN_TABLE_OUTPUT
------------------------------------------------------------------------------------------------------------------------------------------------------------------------------------------------------------------------------------------------------------------------------------------------------------
Plan hash value: 538423951
 
---------------------------------------------------------------------------------------------
| Id  | Operation          | Name                   | Rows  | Bytes | Cost (%CPU)| Time     |
---------------------------------------------------------------------------------------------
|   0 | SELECT STATEMENT   |                        |   153 |  8874 |   202   (1)| 00:00:01 |
|*  1 |  HASH JOIN         |                        |   153 |  8874 |   202   (1)| 00:00:01 |
|*  2 |   TABLE ACCESS FULL| AIR_PASSENGERS_DETAILS |   153 |  5814 |   150   (0)| 00:00:01 |
|   3 |   TABLE ACCESS FULL| AIR_PASSENGERS         | 36095 |   704K|    51   (0)| 00:00:01 |
---------------------------------------------------------------------------------------------
 

PLAN_TABLE_OUTPUT
------------------------------------------------------------------------------------------------------------------------------------------------------------------------------------------------------------------------------------------------------------------------------------------------------------
Predicate Information (identified by operation id):
---------------------------------------------------
 
   1 - access("AP"."PASSENGER_ID"="APD"."PASSENGER_ID")
   2 - filter("APD"."COUNTRY"='BRAZIL' AND "APD"."SEX"='w' AND 
              "APD"."BIRTHDATE"<=ADD_MONTHS(SYSDATE@!,-480))

17 rows selected. 



2- 


Explained.


PLAN_TABLE_OUTPUT
------------------------------------------------------------------------------------------------------------------------------------------------------------------------------------------------------------------------------------------------------------------------------------------------------------
Plan hash value: 901690746
 
------------------------------------------------------------------------------------------------
| Id  | Operation                 | Name               | Rows  | Bytes | Cost (%CPU)| Time     |
------------------------------------------------------------------------------------------------
|   0 | SELECT STATEMENT          |                    |     6 |   636 |    94   (2)| 00:00:01 |
|   1 |  HASH GROUP BY            |                    |     6 |   636 |    94   (2)| 00:00:01 |
|*  2 |   HASH JOIN               |                    |     6 |   636 |    93   (0)| 00:00:01 |
|*  3 |    HASH JOIN              |                    |     6 |   504 |    90   (0)| 00:00:01 |
|*  4 |     HASH JOIN             |                    |     6 |   396 |    87   (0)| 00:00:01 |
|*  5 |      HASH JOIN            |                    |     6 |   348 |    80   (0)| 00:00:01 |

PLAN_TABLE_OUTPUT
------------------------------------------------------------------------------------------------------------------------------------------------------------------------------------------------------------------------------------------------------------------------------------------------------------
|*  6 |       HASH JOIN           |                    |    93 |  3999 |    57   (0)| 00:00:01 |
|*  7 |        HASH JOIN          |                    |    93 |  3534 |    43   (0)| 00:00:01 |
|*  8 |         HASH JOIN         |                    |   614 | 12280 |    37   (0)| 00:00:01 |
|*  9 |          TABLE ACCESS FULL| AIR_AIRPORTS_GEO   |   614 |  9210 |    23   (0)| 00:00:01 |
|  10 |          TABLE ACCESS FULL| AIR_AIRPORTS       |  9854 | 49270 |    14   (0)| 00:00:01 |
|  11 |         TABLE ACCESS FULL | AIR_FLIGHTS        |  1498 | 26964 |     6   (0)| 00:00:01 |
|  12 |        TABLE ACCESS FULL  | AIR_AIRPORTS       |  9854 | 49270 |    14   (0)| 00:00:01 |
|* 13 |       TABLE ACCESS FULL   | AIR_AIRPORTS_GEO   |   614 |  9210 |    23   (0)| 00:00:01 |
|  14 |      TABLE ACCESS FULL    | AIR_AIRPLANES      |  5583 | 44664 |     7   (0)| 00:00:01 |
|  15 |     TABLE ACCESS FULL     | AIR_AIRPLANE_TYPES |   342 |  6156 |     3   (0)| 00:00:01 |
|  16 |    TABLE ACCESS FULL      | AIR_AIRLINES       |   113 |  2486 |     3   (0)| 00:00:01 |

PLAN_TABLE_OUTPUT
------------------------------------------------------------------------------------------------------------------------------------------------------------------------------------------------------------------------------------------------------------------------------------------------------------
------------------------------------------------------------------------------------------------
 
Predicate Information (identified by operation id):
---------------------------------------------------
 
   2 - access("AF"."AIRLINE_ID"="AA"."AIRLINE_ID")
   3 - access("AP"."AIRPLANE_TYPE_ID"="AT"."AIRPLANE_TYPE_ID")
   4 - access("AF"."AIRPLANE_ID"="AP"."AIRPLANE_ID")
   5 - access("FROM_A"."AIRPORT_ID"="FROM_AG"."AIRPORT_ID")
   6 - access("AF"."FROM_AIRPORT_ID"="FROM_A"."AIRPORT_ID")
   7 - access("AF"."TO_AIRPORT_ID"="TO_A"."AIRPORT_ID")

PLAN_TABLE_OUTPUT
------------------------------------------------------------------------------------------------------------------------------------------------------------------------------------------------------------------------------------------------------------------------------------------------------------
   8 - access("TO_A"."AIRPORT_ID"="TO_AG"."AIRPORT_ID")
   9 - filter("TO_AG"."COUNTRY"='BRAZIL')
  13 - filter("FROM_AG"."COUNTRY"='BRAZIL')
 
Note
-----
   - dynamic statistics used: dynamic sampling (level=2)
   - 2 Sql Plan Directives used for this statement

41 rows selected. 


3 - 


Explained.


PLAN_TABLE_OUTPUT
------------------------------------------------------------------------------------------------------------------------------------------------------------------------------------------------------------------------------------------------------------------------------------------------------------
Plan hash value: 3885230899
 
----------------------------------------------------------------------------------------
| Id  | Operation             | Name           | Rows  | Bytes | Cost (%CPU)| Time     |
----------------------------------------------------------------------------------------
|   0 | SELECT STATEMENT      |                |   245 | 25480 |   233   (1)| 00:00:01 |
|*  1 |  HASH JOIN            |                |   245 | 25480 |   233   (1)| 00:00:01 |
|*  2 |   HASH JOIN           |                |   245 | 20580 |   181   (1)| 00:00:01 |
|*  3 |    HASH JOIN          |                |     2 |   138 |    34   (0)| 00:00:01 |
|*  4 |     HASH JOIN         |                |     2 |   104 |    20   (0)| 00:00:01 |
|*  5 |      TABLE ACCESS FULL| AIR_FLIGHTS    |     2 |    70 |     6   (0)| 00:00:01 |

PLAN_TABLE_OUTPUT
------------------------------------------------------------------------------------------------------------------------------------------------------------------------------------------------------------------------------------------------------------------------------------------------------------
|   6 |      TABLE ACCESS FULL| AIR_AIRPORTS   |  9854 |   163K|    14   (0)| 00:00:01 |
|   7 |     TABLE ACCESS FULL | AIR_AIRPORTS   |  9854 |   163K|    14   (0)| 00:00:01 |
|   8 |    TABLE ACCESS FULL  | AIR_BOOKINGS   |   122K|  1790K|   147   (1)| 00:00:01 |
|   9 |   TABLE ACCESS FULL   | AIR_PASSENGERS | 36095 |   704K|    51   (0)| 00:00:01 |
----------------------------------------------------------------------------------------
 
Predicate Information (identified by operation id):
---------------------------------------------------
 
   1 - access("AB"."PASSENGER_ID"="AP"."PASSENGER_ID")
   2 - access("AF"."FLIGHT_ID"="AB"."FLIGHT_ID")

PLAN_TABLE_OUTPUT
------------------------------------------------------------------------------------------------------------------------------------------------------------------------------------------------------------------------------------------------------------------------------------------------------------
   3 - access("AF"."TO_AIRPORT_ID"="ARR_AIRPORT"."AIRPORT_ID")
   4 - access("AF"."FROM_AIRPORT_ID"="DEP_AIRPORT"."AIRPORT_ID")
   5 - filter(TRUNC(INTERNAL_FUNCTION("AF"."DEPARTURE"))=TO_DATE(' 2023-03-25 
              00:00:00', 'syyyy-mm-dd hh24:mi:ss'))
 
Note
-----
   - dynamic statistics used: dynamic sampling (level=2)
   - 1 Sql Plan Directive used for this statement

31 rows selected. 


4 - 


Explained.


PLAN_TABLE_OUTPUT
------------------------------------------------------------------------------------------------------------------------------------------------------------------------------------------------------------------------------------------------------------------------------------------------------------
Plan hash value: 1267849169
 
------------------------------------------------------------------------------------------------
| Id  | Operation              | Name                  | Rows  | Bytes | Cost (%CPU)| Time     |
------------------------------------------------------------------------------------------------
|   0 | SELECT STATEMENT       |                       |     1 |    89 |    52   (0)| 00:00:01 |
|*  1 |  HASH JOIN             |                       |     1 |    89 |    52   (0)| 00:00:01 |
|*  2 |   HASH JOIN            |                       |     1 |    69 |    46   (0)| 00:00:01 |
|   3 |    MERGE JOIN CARTESIAN|                       |   126 |  5292 |    40   (0)| 00:00:01 |
|*  4 |     HASH JOIN          |                       |     1 |    20 |    37   (0)| 00:00:01 |
|*  5 |      TABLE ACCESS FULL | AIR_AIRPORTS_GEO      |     1 |    15 |    23   (0)| 00:00:01 |

PLAN_TABLE_OUTPUT
------------------------------------------------------------------------------------------------------------------------------------------------------------------------------------------------------------------------------------------------------------------------------------------------------------
|   6 |      TABLE ACCESS FULL | AIR_AIRPORTS          |  9854 | 49270 |    14   (0)| 00:00:01 |
|   7 |     BUFFER SORT        |                       |   113 |  2486 |    26   (0)| 00:00:01 |
|   8 |      TABLE ACCESS FULL | AIR_AIRLINES          |   113 |  2486 |     3   (0)| 00:00:01 |
|*  9 |    TABLE ACCESS FULL   | AIR_FLIGHTS_SCHEDULES |  1340 | 36180 |     6   (0)| 00:00:01 |
|* 10 |   TABLE ACCESS FULL    | AIR_FLIGHTS           |   135 |  2700 |     6   (0)| 00:00:01 |
------------------------------------------------------------------------------------------------
 
Predicate Information (identified by operation id):
---------------------------------------------------
 
   1 - access("AFS"."FLIGHTNO"="AF"."FLIGHTNO")

PLAN_TABLE_OUTPUT
------------------------------------------------------------------------------------------------------------------------------------------------------------------------------------------------------------------------------------------------------------------------------------------------------------
   2 - access("AFS"."TO_AIRPORT_ID"="ARR_AIRPORT"."AIRPORT_ID" AND 
              "AFS"."AIRLINE_ID"="AA"."AIRLINE_ID")
   4 - access("ARR_AIRPORT"."AIRPORT_ID"="AG"."AIRPORT_ID")
   5 - filter("AG"."CITY"='NEW YORK')
   9 - filter("AFS"."TUESDAY"=1 OR "AFS"."THURSDAY"=1 OR "AFS"."WEDNESDAY"=1)
  10 - filter(EXTRACT(MONTH FROM INTERNAL_FUNCTION("AF"."DEPARTURE"))=3)
 
Note
-----
   - dynamic statistics used: dynamic sampling (level=2)
   - 1 Sql Plan Directive used for this statement

33 rows selected. 


5 - 


Explained.


PLAN_TABLE_OUTPUT
------------------------------------------------------------------------------------------------------------------------------------------------------------------------------------------------------------------------------------------------------------------------------------------------------------
Plan hash value: 4169878721
 
----------------------------------------------------------------------------------------------
| Id  | Operation           | Name                   | Rows  | Bytes | Cost (%CPU)| Time     |
----------------------------------------------------------------------------------------------
|   0 | SELECT STATEMENT    |                        |   122K|  8117K|   349   (1)| 00:00:01 |
|*  1 |  HASH JOIN          |                        |   122K|  8117K|   349   (1)| 00:00:01 |
|   2 |   TABLE ACCESS FULL | AIR_PASSENGERS_DETAILS | 36095 |   986K|   150   (0)| 00:00:01 |
|*  3 |   HASH JOIN         |                        |   122K|  4775K|   198   (1)| 00:00:01 |
|   4 |    TABLE ACCESS FULL| AIR_PASSENGERS         | 36095 |   704K|    51   (0)| 00:00:01 |
|   5 |    TABLE ACCESS FULL| AIR_BOOKINGS           |   122K|  2387K|   147   (1)| 00:00:01 |

PLAN_TABLE_OUTPUT
------------------------------------------------------------------------------------------------------------------------------------------------------------------------------------------------------------------------------------------------------------------------------------------------------------
----------------------------------------------------------------------------------------------
 
Predicate Information (identified by operation id):
---------------------------------------------------
 
   1 - access("AP"."PASSENGER_ID"="APD"."PASSENGER_ID")
   3 - access("AP"."PASSENGER_ID"="AB"."PASSENGER_ID")

18 rows selected. 