1:
Explained.


PLAN_TABLE_OUTPUT
------------------------------------------------------------------------------------------------------------------------------------------------------------------------------------------------------------------------------------------------------------------------------------------------------------
Plan hash value: 2465853696
 
---------------------------------------------------------------------------------------------------------------
| Id  | Operation                            | Name                   | Rows  | Bytes | Cost (%CPU)| Time     |
---------------------------------------------------------------------------------------------------------------
|   0 | SELECT STATEMENT                     |                        |    35 |  5250 |    57   (0)| 00:00:01 |
|   1 |  NESTED LOOPS                        |                        |    35 |  5250 |    57   (0)| 00:00:01 |
|*  2 |   TABLE ACCESS BY INDEX ROWID BATCHED| AIR_PASSENGERS_DETAILS |    35 |  1155 |    57   (0)| 00:00:01 |
|*  3 |    INDEX RANGE SCAN                  | IDX_COUNTRY            |   152 |       |     1   (0)| 00:00:01 |
|*  4 |   TABLE ACCESS HASH                  | AIR_PASSENGERS         |     1 |   117 |            |          |
---------------------------------------------------------------------------------------------------------------

PLAN_TABLE_OUTPUT
------------------------------------------------------------------------------------------------------------------------------------------------------------------------------------------------------------------------------------------------------------------------------------------------------------
 
Predicate Information (identified by operation id):
---------------------------------------------------
 
   2 - filter("APD"."SEX"='w' AND "APD"."BIRTHDATE"<=ADD_MONTHS(SYSDATE@!,-480))
   3 - access("APD"."COUNTRY"='BRAZIL')
   4 - access("AP"."PASSENGER_ID"="APD"."PASSENGER_ID")
 
Note
-----
   - dynamic statistics used: dynamic sampling (level=2)

22 rows selected. 






2:
Explained.


PLAN_TABLE_OUTPUT
------------------------------------------------------------------------------------------------------------------------------------------------------------------------------------------------------------------------------------------------------------------------------------------------------------
Plan hash value: 522107075
 
------------------------------------------------------------------------------------------------
| Id  | Operation                 | Name               | Rows  | Bytes | Cost (%CPU)| Time     |
------------------------------------------------------------------------------------------------
|   0 | SELECT STATEMENT          |                    |    10 |  1720 |    22   (5)| 00:00:01 |
|   1 |  HASH GROUP BY            |                    |    10 |  1720 |    22   (5)| 00:00:01 |
|*  2 |   HASH JOIN               |                    |    10 |  1720 |    21   (0)| 00:00:01 |
|*  3 |    HASH JOIN              |                    |    10 |  1500 |    18   (0)| 00:00:01 |
|*  4 |     HASH JOIN             |                    |    10 |  1320 |    15   (0)| 00:00:01 |
|*  5 |      HASH JOIN            |                    |    10 |  1240 |     8   (0)| 00:00:01 |

PLAN_TABLE_OUTPUT
------------------------------------------------------------------------------------------------------------------------------------------------------------------------------------------------------------------------------------------------------------------------------------------------------------
|   6 |       NESTED LOOPS        |                    |   119 |  9996 |     7   (0)| 00:00:01 |
|*  7 |        HASH JOIN          |                    |   119 |  8449 |     7   (0)| 00:00:01 |
|   8 |         TABLE ACCESS FULL | AIR_FLIGHTS        |  1498 | 26964 |     6   (0)| 00:00:01 |
|   9 |         NESTED LOOPS      |                    |   800 | 42400 |     1   (0)| 00:00:01 |
|* 10 |          TABLE ACCESS HASH| AIR_AIRPORTS_GEO   |   800 | 32000 |     1   (0)| 00:00:01 |
|* 11 |          TABLE ACCESS HASH| AIR_AIRPORTS       |     1 |    13 |            |          |
|* 12 |        TABLE ACCESS HASH  | AIR_AIRPORTS       |     1 |    13 |            |          |
|* 13 |       TABLE ACCESS HASH   | AIR_AIRPORTS_GEO   |   800 | 32000 |     1   (0)| 00:00:01 |
|  14 |      TABLE ACCESS FULL    | AIR_AIRPLANES      |  5583 | 44664 |     7   (0)| 00:00:01 |
|  15 |     TABLE ACCESS FULL     | AIR_AIRPLANE_TYPES |   342 |  6156 |     3   (0)| 00:00:01 |
|  16 |    TABLE ACCESS FULL      | AIR_AIRLINES       |   113 |  2486 |     3   (0)| 00:00:01 |

PLAN_TABLE_OUTPUT
------------------------------------------------------------------------------------------------------------------------------------------------------------------------------------------------------------------------------------------------------------------------------------------------------------
------------------------------------------------------------------------------------------------
 
Predicate Information (identified by operation id):
---------------------------------------------------
 
   2 - access("AF"."AIRLINE_ID"="AA"."AIRLINE_ID")
   3 - access("AP"."AIRPLANE_TYPE_ID"="AT"."AIRPLANE_TYPE_ID")
   4 - access("AF"."AIRPLANE_ID"="AP"."AIRPLANE_ID")
   5 - access("FROM_A"."AIRPORT_ID"="FROM_AG"."AIRPORT_ID")
   7 - access("AF"."TO_AIRPORT_ID"="TO_A"."AIRPORT_ID")
  10 - access("TO_AG"."COUNTRY"='BRAZIL')

PLAN_TABLE_OUTPUT
------------------------------------------------------------------------------------------------------------------------------------------------------------------------------------------------------------------------------------------------------------------------------------------------------------
  11 - access("TO_A"."AIRPORT_ID"="TO_AG"."AIRPORT_ID")
  12 - access("AF"."FROM_AIRPORT_ID"="FROM_A"."AIRPORT_ID")
  13 - access("FROM_AG"."COUNTRY"='BRAZIL')
 
Note
-----
   - dynamic statistics used: dynamic sampling (level=2)

40 rows selected. 