1:
Explained.


PLAN_TABLE_OUTPUT
------------------------------------------------------------------------------------------------------------------------------------------------------------------------------------------------------------------------------------------------------------------------------------------------------------
Plan hash value: 2465853696
 
---------------------------------------------------------------------------------------------------------------
| Id  | Operation                            | Name                   | Rows  | Bytes | Cost (%CPU)| Time     |
---------------------------------------------------------------------------------------------------------------
|   0 | SELECT STATEMENT                     |                        |    35 |  5250 |    57   (0)| 00:00:01 |
|   1 |  NESTED LOOPS                        |                        |    35 |  5250 |    57   (0)| 00:00:01 |
|*  2 |   TABLE ACCESS BY INDEX ROWID BATCHED| AIR_PASSENGERS_DETAILS |    35 |  1155 |    57   (0)| 00:00:01 |
|*  3 |    INDEX RANGE SCAN                  | IDX_COUNTRY            |   152 |       |     1   (0)| 00:00:01 |
|*  4 |   TABLE ACCESS HASH                  | AIR_PASSENGERS         |     1 |   117 |            |          |
---------------------------------------------------------------------------------------------------------------

PLAN_TABLE_OUTPUT
------------------------------------------------------------------------------------------------------------------------------------------------------------------------------------------------------------------------------------------------------------------------------------------------------------
 
Predicate Information (identified by operation id):
---------------------------------------------------
 
   2 - filter("APD"."SEX"='w' AND "APD"."BIRTHDATE"<=ADD_MONTHS(SYSDATE@!,-480))
   3 - access("APD"."COUNTRY"='BRAZIL')
   4 - access("AP"."PASSENGER_ID"="APD"."PASSENGER_ID")
 
Note
-----
   - dynamic statistics used: dynamic sampling (level=2)

22 rows selected. 






2:
Explained.


PLAN_TABLE_OUTPUT
------------------------------------------------------------------------------------------------------------------------------------------------------------------------------------------------------------------------------------------------------------------------------------------------------------
Plan hash value: 522107075
 
------------------------------------------------------------------------------------------------
| Id  | Operation                 | Name               | Rows  | Bytes | Cost (%CPU)| Time     |
------------------------------------------------------------------------------------------------
|   0 | SELECT STATEMENT          |                    |    10 |  1720 |    22   (5)| 00:00:01 |
|   1 |  HASH GROUP BY            |                    |    10 |  1720 |    22   (5)| 00:00:01 |
|*  2 |   HASH JOIN               |                    |    10 |  1720 |    21   (0)| 00:00:01 |
|*  3 |    HASH JOIN              |                    |    10 |  1500 |    18   (0)| 00:00:01 |
|*  4 |     HASH JOIN             |                    |    10 |  1320 |    15   (0)| 00:00:01 |
|*  5 |      HASH JOIN            |                    |    10 |  1240 |     8   (0)| 00:00:01 |
|   6 |       NESTED LOOPS        |                    |   119 |  9996 |     7   (0)| 00:00:01 |
|*  7 |        HASH JOIN          |                    |   119 |  8449 |     7   (0)| 00:00:01 |
|   8 |         TABLE ACCESS FULL | AIR_FLIGHTS        |  1498 | 26964 |     6   (0)| 00:00:01 |
|   9 |         NESTED LOOPS      |                    |   800 | 42400 |     1   (0)| 00:00:01 |
|* 10 |          TABLE ACCESS HASH| AIR_AIRPORTS_GEO   |   800 | 32000 |     1   (0)| 00:00:01 |
|* 11 |          TABLE ACCESS HASH| AIR_AIRPORTS       |     1 |    13 |            |          |
|* 12 |        TABLE ACCESS HASH  | AIR_AIRPORTS       |     1 |    13 |            |          |
|* 13 |       TABLE ACCESS HASH   | AIR_AIRPORTS_GEO   |   800 | 32000 |     1   (0)| 00:00:01 |
|  14 |      TABLE ACCESS FULL    | AIR_AIRPLANES      |  5583 | 44664 |     7   (0)| 00:00:01 |
|  15 |     TABLE ACCESS FULL     | AIR_AIRPLANE_TYPES |   342 |  6156 |     3   (0)| 00:00:01 |
|  16 |    TABLE ACCESS FULL      | AIR_AIRLINES       |   113 |  2486 |     3   (0)| 00:00:01 |

PLAN_TABLE_OUTPUT
------------------------------------------------------------------------------------------------------------------------------------------------------------------------------------------------------------------------------------------------------------------------------------------------------------
------------------------------------------------------------------------------------------------
 
Predicate Information (identified by operation id):
---------------------------------------------------
 
   2 - access("AF"."AIRLINE_ID"="AA"."AIRLINE_ID")
   3 - access("AP"."AIRPLANE_TYPE_ID"="AT"."AIRPLANE_TYPE_ID")
   4 - access("AF"."AIRPLANE_ID"="AP"."AIRPLANE_ID")
   5 - access("FROM_A"."AIRPORT_ID"="FROM_AG"."AIRPORT_ID")
   7 - access("AF"."TO_AIRPORT_ID"="TO_A"."AIRPORT_ID")
  10 - access("TO_AG"."COUNTRY"='BRAZIL')

PLAN_TABLE_OUTPUT
------------------------------------------------------------------------------------------------------------------------------------------------------------------------------------------------------------------------------------------------------------------------------------------------------------
  11 - access("TO_A"."AIRPORT_ID"="TO_AG"."AIRPORT_ID")
  12 - access("AF"."FROM_AIRPORT_ID"="FROM_A"."AIRPORT_ID")
  13 - access("FROM_AG"."COUNTRY"='BRAZIL')
 
Note
-----
   - dynamic statistics used: dynamic sampling (level=2)

40 rows selected. 


3:
Explained.


PLAN_TABLE_OUTPUT
------------------------------------------------------------------------------------------------------------------------------------------------------------------------------------------------------------------------------------------------------------------------------------------------------------
Plan hash value: 2852237074
 
--------------------------------------------------------------------------------------------------------
| Id  | Operation                             | Name           | Rows  | Bytes | Cost (%CPU)| Time     |
--------------------------------------------------------------------------------------------------------
|   0 | SELECT STATEMENT                      |                |   245 | 59780 |    11   (0)| 00:00:01 |
|   1 |  NESTED LOOPS                         |                |   245 | 59780 |    11   (0)| 00:00:01 |
|   2 |   NESTED LOOPS                        |                |   245 | 31115 |    11   (0)| 00:00:01 |
|   3 |    NESTED LOOPS                       |                |     2 |   230 |     6   (0)| 00:00:01 |
|   4 |     NESTED LOOPS                      |                |     2 |   150 |     6   (0)| 00:00:01 |
|*  5 |      TABLE ACCESS FULL                | AIR_FLIGHTS    |     2 |    70 |     6   (0)| 00:00:01 |
|*  6 |      TABLE ACCESS HASH                | AIR_AIRPORTS   |     1 |    40 |            |          |
|*  7 |     TABLE ACCESS HASH                 | AIR_AIRPORTS   |     1 |    40 |            |          |
|   8 |    TABLE ACCESS BY INDEX ROWID BATCHED| AIR_BOOKINGS   |   122 |  1464 |     3   (0)| 00:00:01 |
|*  9 |     INDEX RANGE SCAN                  | INDX_FLIGHT_ID |   122 |       |     1   (0)| 00:00:01 |
|* 10 |   TABLE ACCESS HASH                   | AIR_PASSENGERS |     1 |   117 |            |          |
--------------------------------------------------------------------------------------------------------
 
Predicate Information (identified by operation id):
---------------------------------------------------
 
   5 - filter(TRUNC(INTERNAL_FUNCTION("AF"."DEPARTURE"))=TO_DATE(' 2023-03-25 00:00:00', 

PLAN_TABLE_OUTPUT
------------------------------------------------------------------------------------------------------------------------------------------------------------------------------------------------------------------------------------------------------------------------------------------------------------
              'syyyy-mm-dd hh24:mi:ss'))
   6 - access("AF"."FROM_AIRPORT_ID"="DEP_AIRPORT"."AIRPORT_ID")
   7 - access("AF"."TO_AIRPORT_ID"="ARR_AIRPORT"."AIRPORT_ID")
   9 - access("AF"."FLIGHT_ID"="AB"."FLIGHT_ID")
  10 - access("AB"."PASSENGER_ID"="AP"."PASSENGER_ID")
 
Note
-----
   - dynamic statistics used: dynamic sampling (level=2)
   - this is an adaptive plan
   - 1 Sql Plan Directive used for this statement

33 rows selected. 

4:


Explained.


PLAN_TABLE_OUTPUT
------------------------------------------------------------------------------------------------------------------------------------------------------------------------------------------------------------------------------------------------------------------------------------------------------------
Plan hash value: 2852237074
 
--------------------------------------------------------------------------------------------------------
| Id  | Operation                             | Name           | Rows  | Bytes | Cost (%CPU)| Time     |
--------------------------------------------------------------------------------------------------------
|   0 | SELECT STATEMENT                      |                |  1833 |   436K|    41   (0)| 00:00:01 |
|   1 |  NESTED LOOPS                         |                |  1833 |   436K|    41   (0)| 00:00:01 |
|   2 |   NESTED LOOPS                        |                |  1833 |   227K|    41   (0)| 00:00:01 |
|   3 |    NESTED LOOPS                       |                |    15 |  1725 |     6   (0)| 00:00:01 |
|   4 |     NESTED LOOPS                      |                |    15 |  1125 |     6   (0)| 00:00:01 |
|*  5 |      TABLE ACCESS FULL                | AIR_FLIGHTS    |    15 |   525 |     6   (0)| 00:00:01 |
|*  6 |      TABLE ACCESS HASH                | AIR_AIRPORTS   |     1 |    40 |            |          |
|*  7 |     TABLE ACCESS HASH                 | AIR_AIRPORTS   |     1 |    40 |            |          |
|   8 |    TABLE ACCESS BY INDEX ROWID BATCHED| AIR_BOOKINGS   |   122 |  1464 |     3   (0)| 00:00:01 |
|*  9 |     INDEX RANGE SCAN                  | INDX_FLIGHT_ID |   122 |       |     1   (0)| 00:00:01 |
|* 10 |   TABLE ACCESS HASH                   | AIR_PASSENGERS |     1 |   117 |            |          |
--------------------------------------------------------------------------------------------------------
 
Predicate Information (identified by operation id):
---------------------------------------------------
 
   5 - filter(TRUNC(INTERNAL_FUNCTION("AF"."DEPARTURE"))=TO_DATE(' 2023-03-25 00:00:00', 

PLAN_TABLE_OUTPUT
------------------------------------------------------------------------------------------------------------------------------------------------------------------------------------------------------------------------------------------------------------------------------------------------------------
              'syyyy-mm-dd hh24:mi:ss'))
   6 - access("AF"."FROM_AIRPORT_ID"="DEP_AIRPORT"."AIRPORT_ID")
   7 - access("AF"."TO_AIRPORT_ID"="ARR_AIRPORT"."AIRPORT_ID")
   9 - access("AF"."FLIGHT_ID"="AB"."FLIGHT_ID")
  10 - access("AB"."PASSENGER_ID"="AP"."PASSENGER_ID")
 
Note
-----
   - dynamic statistics used: dynamic sampling (level=2)
   - this is an adaptive plan

32 rows selected. 








5:

Explained.


PLAN_TABLE_OUTPUT
------------------------------------------------------------------------------------------------------------------------------------------------------------------------------------------------------------------------------------------------------------------------------------------------------------
Plan hash value: 493474699
 
----------------------------------------------------------------------------------------------
| Id  | Operation           | Name                   | Rows  | Bytes | Cost (%CPU)| Time     |
----------------------------------------------------------------------------------------------
|   0 | SELECT STATEMENT    |                        |  6952 |  1724K|   147   (1)| 00:00:01 |
|   1 |  NESTED LOOPS       |                        |  6952 |  1724K|   147   (1)| 00:00:01 |
|   2 |   NESTED LOOPS      |                        |   104K|    13M|   147   (1)| 00:00:01 |
|   3 |    TABLE ACCESS FULL| AIR_BOOKINGS           |   122K|  2387K|   147   (1)| 00:00:01 |
|*  4 |    TABLE ACCESS HASH| AIR_PASSENGERS         |     1 |   117 |            |          |
|*  5 |   TABLE ACCESS HASH | AIR_PASSENGERS_DETAILS |     1 |   117 |            |          |

PLAN_TABLE_OUTPUT
------------------------------------------------------------------------------------------------------------------------------------------------------------------------------------------------------------------------------------------------------------------------------------------------------------
----------------------------------------------------------------------------------------------
 
Predicate Information (identified by operation id):
---------------------------------------------------
 
   4 - access("AP"."PASSENGER_ID"="AB"."PASSENGER_ID")
   5 - access("AP"."PASSENGER_ID"="APD"."PASSENGER_ID")
       filter("APD"."COUNTRY"='BRAZIL' OR "APD"."COUNTRY"='USA')
 
Note
-----

PLAN_TABLE_OUTPUT
------------------------------------------------------------------------------------------------------------------------------------------------------------------------------------------------------------------------------------------------------------------------------------------------------------
   - dynamic statistics used: dynamic sampling (level=2)

23 rows selected. 

